  Source.cpp
C:\Users\Jason\Documents\GitHub\CIS200-Summer2019-holajason\project4-StackAndQueue\TrainStack.h(63): warning C4018: '<': signed/unsigned mismatch
C:\Users\Jason\Documents\GitHub\CIS200-Summer2019-holajason\project4-StackAndQueue\TrainStack.h(101): warning C4018: '<': signed/unsigned mismatch
C:\Users\Jason\Documents\GitHub\CIS200-Summer2019-holajason\project4-StackAndQueue\TrainStack.h(107): warning C4018: '<': signed/unsigned mismatch
C:\Users\Jason\Documents\GitHub\CIS200-Summer2019-holajason\project4-StackAndQueue\planeQue.h(32): warning C4018: '<': signed/unsigned mismatch
C:\Users\Jason\Documents\GitHub\CIS200-Summer2019-holajason\project4-StackAndQueue\planeQue.h(64): warning C4018: '<': signed/unsigned mismatch
C:\Users\Jason\Documents\GitHub\CIS200-Summer2019-holajason\project4-StackAndQueue\Unloading.h(186): warning C4018: '<': signed/unsigned mismatch
  C:\Users\Jason\Documents\GitHub\CIS200-Summer2019-holajason\project4-StackAndQueue\Unloading.h(180): note: while compiling class template member function 'std::ostream &operator <<(std::ostream &,StackAndQueue<int> &)'
  C:\Users\Jason\Documents\GitHub\CIS200-Summer2019-holajason\project4-StackAndQueue\Source.cpp(43): note: see reference to function template instantiation 'std::ostream &operator <<(std::ostream &,StackAndQueue<int> &)' being compiled
  C:\Users\Jason\Documents\GitHub\CIS200-Summer2019-holajason\project4-StackAndQueue\Source.cpp(14): note: see reference to class template instantiation 'StackAndQueue<int>' being compiled
C:\Users\Jason\Documents\GitHub\CIS200-Summer2019-holajason\project4-StackAndQueue\Unloading.h(147): warning C4018: '<': signed/unsigned mismatch
  C:\Users\Jason\Documents\GitHub\CIS200-Summer2019-holajason\project4-StackAndQueue\Unloading.h(146): note: while compiling class template member function 'void StackAndQueue<int>::loadItemToPlane(T)'
          with
          [
              T=int
          ]
  C:\Users\Jason\Documents\GitHub\CIS200-Summer2019-holajason\project4-StackAndQueue\Unloading.h(141): note: see reference to function template instantiation 'void StackAndQueue<int>::loadItemToPlane(T)' being compiled
          with
          [
              T=int
          ]
C:\Users\Jason\Documents\GitHub\CIS200-Summer2019-holajason\project4-StackAndQueue\Unloading.h(91): warning C4018: '<': signed/unsigned mismatch
  C:\Users\Jason\Documents\GitHub\CIS200-Summer2019-holajason\project4-StackAndQueue\Unloading.h(90): note: while compiling class template member function 'void StackAndQueue<int>::loadItemsToTrain(T)'
          with
          [
              T=int
          ]
  C:\Users\Jason\Documents\GitHub\CIS200-Summer2019-holajason\project4-StackAndQueue\Unloading.h(71): note: see reference to function template instantiation 'void StackAndQueue<int>::loadItemsToTrain(T)' being compiled
          with
          [
              T=int
          ]
  project4-StackAndQueue.vcxproj -> C:\Users\Jason\Documents\GitHub\CIS200-Summer2019-holajason\project4-StackAndQueue\Debug\project4-StackAndQueue.exe
